<?xml version="1.0" encoding="UTF-8"?>
<testsuite xmlns:xsi="http://www.w3.org/2001/XMLSchema-instance" xsi:noNamespaceSchemaLocation="https://maven.apache.org/surefire/maven-surefire-plugin/xsd/surefire-test-report.xsd" name="TestSuite" time="1.723" tests="4" errors="0" skipped="3" failures="1">
  <properties>
    <property name="java.specification.version" value="15"/>
    <property name="sun.cpu.isalist" value="amd64"/>
    <property name="sun.jnu.encoding" value="Cp1252"/>
    <property name="java.class.path" value="C:\Users\simra\.p2\pool\plugins\org.eclipse.m2e.maven.runtime_1.16.0.20210129-0849\jars\plexus-classworlds-2.6.0.jar"/>
    <property name="java.vm.vendor" value="Oracle Corporation"/>
    <property name="sun.arch.data.model" value="64"/>
    <property name="user.variant" value=""/>
    <property name="java.vendor.url" value="https://java.oracle.com/"/>
    <property name="user.timezone" value="America/New_York"/>
    <property name="java.vm.specification.version" value="15"/>
    <property name="os.name" value="Windows 10"/>
    <property name="sun.java.launcher" value="SUN_STANDARD"/>
    <property name="user.country" value="IN"/>
    <property name="sun.boot.library.path" value="C:\Users\simra\.p2\pool\plugins\org.eclipse.justj.openjdk.hotspot.jre.full.win32.x86_64_15.0.2.v20210201-0955\jre\bin"/>
    <property name="sun.java.command" value="org.codehaus.plexus.classworlds.launcher.Launcher -B install"/>
    <property name="jdk.debug" value="release"/>
    <property name="maven.home" value="C:\Users\simra\Desktop\RestAssuredTests\RestAssuredTests\EMBEDDED"/>
    <property name="surefire.test.class.path" value="C:\Users\simra\Desktop\RestAssuredTests\RestAssuredTests\target\test-classes;C:\Users\simra\Desktop\RestAssuredTests\RestAssuredTests\target\classes;C:\Users\simra\.m2\repository\junit\junit\4.11\junit-4.11.jar;C:\Users\simra\.m2\repository\io\rest-assured\rest-assured\4.4.0\rest-assured-4.4.0.jar;C:\Users\simra\.m2\repository\org\codehaus\groovy\groovy\3.0.8\groovy-3.0.8.jar;C:\Users\simra\.m2\repository\org\codehaus\groovy\groovy-xml\3.0.8\groovy-xml-3.0.8.jar;C:\Users\simra\.m2\repository\org\apache\httpcomponents\httpclient\4.5.13\httpclient-4.5.13.jar;C:\Users\simra\.m2\repository\org\apache\httpcomponents\httpcore\4.4.13\httpcore-4.4.13.jar;C:\Users\simra\.m2\repository\commons-logging\commons-logging\1.2\commons-logging-1.2.jar;C:\Users\simra\.m2\repository\org\apache\httpcomponents\httpmime\4.5.13\httpmime-4.5.13.jar;C:\Users\simra\.m2\repository\org\hamcrest\hamcrest\2.1\hamcrest-2.1.jar;C:\Users\simra\.m2\repository\org\ccil\cowan\tagsoup\tagsoup\1.2.1\tagsoup-1.2.1.jar;C:\Users\simra\.m2\repository\org\testng\testng\7.4.0\testng-7.4.0.jar;C:\Users\simra\.m2\repository\com\beust\jcommander\1.78\jcommander-1.78.jar;C:\Users\simra\.m2\repository\org\webjars\jquery\3.5.1\jquery-3.5.1.jar;C:\Users\simra\.m2\repository\com\aventstack\extentreports\3.1.5\extentreports-3.1.5.jar;C:\Users\simra\.m2\repository\org\mongodb\mongodb-driver\3.3.0\mongodb-driver-3.3.0.jar;C:\Users\simra\.m2\repository\org\mongodb\bson\3.3.0\bson-3.3.0.jar;C:\Users\simra\.m2\repository\org\mongodb\mongodb-driver-core\3.3.0\mongodb-driver-core-3.3.0.jar;C:\Users\simra\.m2\repository\org\jsoup\jsoup\1.9.2\jsoup-1.9.2.jar;C:\Users\simra\.m2\repository\com\google\code\gson\gson\2.8.0\gson-2.8.0.jar;C:\Users\simra\.m2\repository\org\freemarker\freemarker\2.3.28\freemarker-2.3.28.jar;C:\Users\simra\.m2\repository\com\googlecode\json-simple\json-simple\1.1.1\json-simple-1.1.1.jar;C:\Users\simra\.m2\repository\io\rest-assured\json-path\3.0.0\json-path-3.0.0.jar;C:\Users\simra\.m2\repository\org\codehaus\groovy\groovy-json\2.4.6\groovy-json-2.4.6.jar;C:\Users\simra\.m2\repository\io\rest-assured\rest-assured-common\3.0.0\rest-assured-common-3.0.0.jar;C:\Users\simra\.m2\repository\io\rest-assured\xml-path\3.0.2\xml-path-3.0.2.jar;C:\Users\simra\.m2\repository\org\apache\commons\commons-lang3\3.4\commons-lang3-3.4.jar;C:\Users\simra\.m2\repository\io\rest-assured\json-schema-validator\3.0.2\json-schema-validator-3.0.2.jar;C:\Users\simra\.m2\repository\com\github\fge\json-schema-validator\2.2.6\json-schema-validator-2.2.6.jar;C:\Users\simra\.m2\repository\com\google\code\findbugs\jsr305\3.0.0\jsr305-3.0.0.jar;C:\Users\simra\.m2\repository\joda-time\joda-time\2.3\joda-time-2.3.jar;C:\Users\simra\.m2\repository\com\googlecode\libphonenumber\libphonenumber\6.2\libphonenumber-6.2.jar;C:\Users\simra\.m2\repository\com\github\fge\json-schema-core\1.2.5\json-schema-core-1.2.5.jar;C:\Users\simra\.m2\repository\com\github\fge\uri-template\0.9\uri-template-0.9.jar;C:\Users\simra\.m2\repository\com\github\fge\msg-simple\1.1\msg-simple-1.1.jar;C:\Users\simra\.m2\repository\com\github\fge\btf\1.2\btf-1.2.jar;C:\Users\simra\.m2\repository\com\google\guava\guava\16.0.1\guava-16.0.1.jar;C:\Users\simra\.m2\repository\com\github\fge\jackson-coreutils\1.8\jackson-coreutils-1.8.jar;C:\Users\simra\.m2\repository\com\fasterxml\jackson\core\jackson-databind\2.2.3\jackson-databind-2.2.3.jar;C:\Users\simra\.m2\repository\com\fasterxml\jackson\core\jackson-annotations\2.2.3\jackson-annotations-2.2.3.jar;C:\Users\simra\.m2\repository\com\fasterxml\jackson\core\jackson-core\2.2.3\jackson-core-2.2.3.jar;C:\Users\simra\.m2\repository\org\mozilla\rhino\1.7R4\rhino-1.7R4.jar;C:\Users\simra\.m2\repository\javax\mail\mailapi\1.4.3\mailapi-1.4.3.jar;C:\Users\simra\.m2\repository\javax\activation\activation\1.1\activation-1.1.jar;C:\Users\simra\.m2\repository\net\sf\jopt-simple\jopt-simple\4.6\jopt-simple-4.6.jar;C:\Users\simra\.m2\repository\org\apache\poi\poi-ooxml\3.9\poi-ooxml-3.9.jar;C:\Users\simra\.m2\repository\org\apache\poi\poi-ooxml-schemas\3.9\poi-ooxml-schemas-3.9.jar;C:\Users\simra\.m2\repository\org\apache\xmlbeans\xmlbeans\2.3.0\xmlbeans-2.3.0.jar;C:\Users\simra\.m2\repository\stax\stax-api\1.0.1\stax-api-1.0.1.jar;C:\Users\simra\.m2\repository\dom4j\dom4j\1.6.1\dom4j-1.6.1.jar;C:\Users\simra\.m2\repository\xml-apis\xml-apis\1.0.b2\xml-apis-1.0.b2.jar;C:\Users\simra\.m2\repository\org\apache\poi\poi\3.9\poi-3.9.jar;C:\Users\simra\.m2\repository\commons-codec\commons-codec\1.5\commons-codec-1.5.jar;C:\Users\simra\.m2\repository\org\hamcrest\java-hamcrest\2.0.0.0\java-hamcrest-2.0.0.0.jar;C:\Users\simra\.m2\repository\org\hamcrest\hamcrest-core\2.2\hamcrest-core-2.2.jar;C:\Users\simra\.m2\repository\org\hamcrest\hamcrest-all\1.3\hamcrest-all-1.3.jar;"/>
    <property name="sun.cpu.endian" value="little"/>
    <property name="user.home" value="C:\Users\simra"/>
    <property name="user.language" value="en"/>
    <property name="java.specification.vendor" value="Oracle Corporation"/>
    <property name="java.version.date" value="2021-01-19"/>
    <property name="java.home" value="C:\Users\simra\.p2\pool\plugins\org.eclipse.justj.openjdk.hotspot.jre.full.win32.x86_64_15.0.2.v20210201-0955\jre"/>
    <property name="file.separator" value="\"/>
    <property name="basedir" value="C:\Users\simra\Desktop\RestAssuredTests\RestAssuredTests"/>
    <property name="java.vm.compressedOopsMode" value="32-bit"/>
    <property name="line.separator" value="&#10;"/>
    <property name="java.vm.specification.vendor" value="Oracle Corporation"/>
    <property name="java.specification.name" value="Java Platform API Specification"/>
    <property name="user.script" value=""/>
    <property name="sun.management.compiler" value="HotSpot 64-Bit Tiered Compilers"/>
    <property name="java.runtime.version" value="15.0.2+7-27"/>
    <property name="user.name" value="simra"/>
    <property name="path.separator" value=";"/>
    <property name="os.version" value="10.0"/>
    <property name="java.runtime.name" value="OpenJDK Runtime Environment"/>
    <property name="file.encoding" value="Cp1252"/>
    <property name="guice.disable.misplaced.annotation.check" value="true"/>
    <property name="java.vm.name" value="OpenJDK 64-Bit Server VM"/>
    <property name="localRepository" value="C:\Users\simra\.m2\repository"/>
    <property name="java.vendor.url.bug" value="https://bugreport.java.com/bugreport/"/>
    <property name="java.io.tmpdir" value="C:\Users\simra\AppData\Local\Temp\"/>
    <property name="java.version" value="15.0.2"/>
    <property name="user.dir" value="C:\Users\simra\Desktop\RestAssuredTests\RestAssuredTests"/>
    <property name="os.arch" value="amd64"/>
    <property name="maven.multiModuleProjectDirectory" value="C:\Users\simra\Desktop\RestAssuredTests\RestAssuredTests"/>
    <property name="java.vm.specification.name" value="Java Virtual Machine Specification"/>
    <property name="sun.os.patch.level" value=""/>
    <property name="java.library.path" value="C:\Users\simra\.p2\pool\plugins\org.eclipse.justj.openjdk.hotspot.jre.full.win32.x86_64_15.0.2.v20210201-0955\jre\bin;C:\Windows\Sun\Java\bin;C:\Windows\system32;C:\Windows;C:/Users/simra/.p2/pool/plugins/org.eclipse.justj.openjdk.hotspot.jre.full.win32.x86_64_15.0.2.v20210201-0955/jre/bin/server;C:/Users/simra/.p2/pool/plugins/org.eclipse.justj.openjdk.hotspot.jre.full.win32.x86_64_15.0.2.v20210201-0955/jre/bin;C:\Program Files (x86)\Common Files\Oracle\Java\javapath;C:\Windows\system32;C:\Windows;C:\Windows\System32\Wbem;C:\Windows\System32\WindowsPowerShell\v1.0\;C:\Windows\System32\OpenSSH\;C:\Program Files\Java\jdk1.8.0_281\bin;C:\Program Files\TortoiseSVN\bin;C:\Program Files\SmartBear\SoapUI-5.6.0\bin;C:\Users\simra\AppData\Local\Android\Sdk;C:\Users\simra\AppData\Local\Android\Sdk\platform-tools;C:\Users\simra\AppData\Local\Android\Sdk\tools;C:\Program Files\Git\cmd;C:\Program Files\PuTTY\;C:\Users\simra\AppData\Local\Android\Sdk;C:\Users\simra\Downloads\apache-maven-3.8.1\bin;C:\Program Files\nodejs\;C:\Python\Scripts\;C:\Python\;C:\Program Files\MySQL\MySQL Shell 8.0\bin\;C:\Users\simra\Scripts\;C:\Users\simra\;C:\Users\simra\AppData\Local\Microsoft\WindowsApps;C:\Users\simra\AppData\Roaming\npm;C:\Users\simra\AppData\Local\atom\bin;C:\Windows\System32;;."/>
    <property name="java.vm.info" value="mixed mode"/>
    <property name="java.vendor" value="Oracle Corporation"/>
    <property name="java.vm.version" value="15.0.2+7-27"/>
    <property name="classworlds.conf" value="C:\Users\simra\eclipse-workspace\.metadata\.plugins\org.eclipse.m2e.launching\launches\m2conf14064408474018131637.tmp"/>
    <property name="sun.io.unicode.encoding" value="UnicodeLittle"/>
    <property name="java.class.version" value="59.0"/>
  </properties>
  <testcase name="getBooksAPI" classname="org.busyqa.testCases.BooksAPIe2eTest" time="1.057">
    <failure message="io/restassured/path/json/mapper/factory/JsonbObjectMapperFactory" type="java.lang.NoClassDefFoundError">java.lang.NoClassDefFoundError: io/restassured/path/json/mapper/factory/JsonbObjectMapperFactory
	at org.busyqa.testCases.BooksAPIe2eTest.getBooksAPI(BooksAPIe2eTest.java:28)
Caused by: java.lang.ClassNotFoundException: io.restassured.path.json.mapper.factory.JsonbObjectMapperFactory
	at org.busyqa.testCases.BooksAPIe2eTest.getBooksAPI(BooksAPIe2eTest.java:28)
</failure>
  </testcase>
  <testcase name="postBooksAPI" classname="org.busyqa.testCases.BooksAPIe2eTest" time="0">
    <skipped message="Method BooksAPIe2eTest.postBooksAPI()[pri:0, instance:org.busyqa.testCases.BooksAPIe2eTest@71b6172c] depends on not successfully finished methods"/>
  </testcase>
  <testcase name="putBooksAPI" classname="org.busyqa.testCases.BooksAPIe2eTest" time="0">
    <skipped message="Method BooksAPIe2eTest.putBooksAPI()[pri:0, instance:org.busyqa.testCases.BooksAPIe2eTest@71b6172c] depends on not successfully finished methods"/>
  </testcase>
  <testcase name="deleteBooksAPI" classname="org.busyqa.testCases.BooksAPIe2eTest" time="0">
    <skipped message="Method BooksAPIe2eTest.deleteBooksAPI()[pri:0, instance:org.busyqa.testCases.BooksAPIe2eTest@71b6172c] depends on not successfully finished methods"/>
  </testcase>
</testsuite>