<?xml version="1.0" encoding="UTF-8"?>
<!-- Generated by org.testng.reporters.JUnitReportReporter -->
<testsuite hostname="DESKTOP-M8LBSK5" failures="0" tests="1" name="org.busyqa.testCases.PostRESTJSONTest" time="4.532" errors="0" timestamp="2021-10-30T10:41:32 GMT-04:00" skipped="0">
  <testcase classname="org.busyqa.testCases.PostRESTJSONTest" name="postRestJSONTest" time="4.532"/>
  <system-out/>
</testsuite> <!-- org.busyqa.testCases.PostRESTJSONTest -->
