<?xml version="1.0" encoding="UTF-8"?>
<!-- Generated by org.testng.reporters.JUnitReportReporter -->
<testsuite hostname="DESKTOP-M8LBSK5" failures="0" tests="4" name="org.busyqa.testCases.BooksAPIe2eTest" time="3.458" errors="0" timestamp="2021-10-30T10:46:13 GMT-04:00" skipped="0">
  <testcase classname="org.busyqa.testCases.BooksAPIe2eTest" name="getBooksAPI" time="3.114"/>
  <system-out/>
  <testcase classname="org.busyqa.testCases.BooksAPIe2eTest" name="putBooksAPI" time="0.061"/>
  <system-out/>
  <testcase classname="org.busyqa.testCases.BooksAPIe2eTest" name="deleteBooksAPI" time="0.104"/>
  <system-out/>
  <testcase classname="org.busyqa.testCases.BooksAPIe2eTest" name="postBooksAPI" time="0.179"/>
  <system-out/>
</testsuite> <!-- org.busyqa.testCases.BooksAPIe2eTest -->
